<?xml version="1.0" encoding="UTF-8"?>
<!-- Generated by org.testng.reporters.JUnitReportReporter -->
<testsuite skipped="1" hostname="Anands-iMac.local" name="ioslocalparalleltesting.IOSWebApp" tests="3" failures="0" timestamp="31 Oct 2019 04:15:56 GMT" time="43.288" errors="1">
  <testcase name="startTest" time="43.286" classname="ioslocalparalleltesting.IOSWebApp">
    <error type="org.openqa.selenium.SessionNotCreatedException" message="Unable to create a new remote session. Please check the server log for more details. Original error: An unknown server-side error occurred while processing the command. Original error: Unable to launch WebDriverAgent because of xcodebuild failure: xcodebuild failed with code 65
xcodebuild error message:

2019-10-31 15:14:23.033 xcodebuild[24856:826589] Error Domain=IDETestApplcationDependencyMapperErrorDomain Code=2 &quot;The bundle identifier for WebDriverAgentRunner-Runner.app couldn’t be read.&quot; UserInfo={NSLocalizedFailureReason=The application may be damaged or incomplete: “/Users/anandjois/Library/Developer/Xcode/DerivedData/WebDriverAgent-brdadhpuduowllgivnnvuygpwhzy/Build/Products/Debug-iphonesimulator/WebDriverAgentRunner-Runner.app”., NSURL=file:///Users/anandjois/Library/Developer/Xcode/DerivedData/WebDriverAgent-brdadhpuduowllgivnnvuygpwhzy/Build/Products/Debug-iphonesimulator/WebDriverAgentRunner-Runner.app/, NSFilePath=/Users/anandjois/Library/Developer/Xcode/DerivedData/WebDriverAgent-brdadhpuduowllgivnnvuygpwhzy/Build/Products/Debug-iphonesimulator/WebDriverAgentRunner-Runner.app, NSLocalizedDescription=The bundle identifier for WebDriverAgentRunner-Runner.app couldn’t be read.}
Testing failed:
	&#039;RoutingHTTPServer/RoutingConnection.h&#039; file not found
Test session results and logs:
	/Users/anandjois/Library/Developer/Xcode/DerivedData/WebDriverAgent-brdadhpuduowllgivnnvuygpwhzy/Logs/Test/Test-WebDriverAgentRunner-2019.10.31_15-14-22-+1100.xcresult
** TEST EXECUTE FAILED **
Testing started on &#039;iPhone X&#039;
Build info: version: &#039;3.141.59&#039;, revision: &#039;e82be7d358&#039;, time: &#039;2018-11-14T08:17:03&#039;
System info: host: &#039;Anands-iMac.local&#039;, ip: &#039;192.168.1.102&#039;, os.name: &#039;Mac OS X&#039;, os.arch: &#039;x86_64&#039;, os.version: &#039;10.14.6&#039;, java.version: &#039;1.8.0_144&#039;
Driver info: driver.version: IOSDriver
remote stacktrace: UnknownError: An unknown server-side error occurred while processing the command. Original error: Unable to launch WebDriverAgent because of xcodebuild failure: xcodebuild failed with code 65
xcodebuild error message:

2019-10-31 15:14:23.033 xcodebuild[24856:826589] Error Domain=IDETestApplcationDependencyMapperErrorDomain Code=2 &quot;The bundle identifier for WebDriverAgentRunner-Runner.app couldn’t be read.&quot; UserInfo={NSLocalizedFailureReason=The application may be damaged or incomplete: “/Users/anandjois/Library/Developer/Xcode/DerivedData/WebDriverAgent-brdadhpuduowllgivnnvuygpwhzy/Build/Products/Debug-iphonesimulator/WebDriverAgentRunner-Runner.app”., NSURL=file:///Users/anandjois/Library/Developer/Xcode/DerivedData/WebDriverAgent-brdadhpuduowllgivnnvuygpwhzy/Build/Products/Debug-iphonesimulator/WebDriverAgentRunner-Runner.app/, NSFilePath=/Users/anandjois/Library/Developer/Xcode/DerivedData/WebDriverAgent-brdadhpuduowllgivnnvuygpwhzy/Build/Products/Debug-iphonesimulator/WebDriverAgentRunner-Runner.app, NSLocalizedDescription=The bundle identifier for WebDriverAgentRunner-Runner.app couldn’t be read.}
Testing failed:
	&#039;RoutingHTTPServer/RoutingConnection.h&#039; file not found
Test session results and logs:
	/Users/anandjois/Library/Developer/Xcode/DerivedData/WebDriverAgent-brdadhpuduowllgivnnvuygpwhzy/Logs/Test/Test-WebDriverAgentRunner-2019.10.31_15-14-22-+1100.xcresult
** TEST EXECUTE FAILED **
Testing started on &#039;iPhone X&#039;
    at getResponseForW3CError (/usr/local/lib/node_modules/appium/node_modules/appium-base-driver/lib/protocol/errors.js:826:9)
    at asyncHandler (/usr/local/lib/node_modules/appium/node_modules/appium-base-driver/lib/protocol/protocol.js:447:37)
    at &lt;anonymous&gt;
Build info: version: &#039;3.141.59&#039;, revision: &#039;e82be7d358&#039;, time: &#039;2018-11-14T08:17:03&#039;
System info: host: &#039;Anands-iMac.local&#039;, ip: &#039;192.168.1.102&#039;, os.name: &#039;Mac OS X&#039;, os.arch: &#039;x86_64&#039;, os.version: &#039;10.14.6&#039;, java.version: &#039;1.8.0_144&#039;
Driver info: driver.version: IOSDriver">
      <![CDATA[org.openqa.selenium.SessionNotCreatedException: Unable to create a new remote session. Please check the server log for more details. Original error: An unknown server-side error occurred while processing the command. Original error: Unable to launch WebDriverAgent because of xcodebuild failure: xcodebuild failed with code 65
xcodebuild error message:

2019-10-31 15:14:23.033 xcodebuild[24856:826589] Error Domain=IDETestApplcationDependencyMapperErrorDomain Code=2 "The bundle identifier for WebDriverAgentRunner-Runner.app couldn’t be read." UserInfo={NSLocalizedFailureReason=The application may be damaged or incomplete: “/Users/anandjois/Library/Developer/Xcode/DerivedData/WebDriverAgent-brdadhpuduowllgivnnvuygpwhzy/Build/Products/Debug-iphonesimulator/WebDriverAgentRunner-Runner.app”., NSURL=file:///Users/anandjois/Library/Developer/Xcode/DerivedData/WebDriverAgent-brdadhpuduowllgivnnvuygpwhzy/Build/Products/Debug-iphonesimulator/WebDriverAgentRunner-Runner.app/, NSFilePath=/Users/anandjois/Library/Developer/Xcode/DerivedData/WebDriverAgent-brdadhpuduowllgivnnvuygpwhzy/Build/Products/Debug-iphonesimulator/WebDriverAgentRunner-Runner.app, NSLocalizedDescription=The bundle identifier for WebDriverAgentRunner-Runner.app couldn’t be read.}
Testing failed:
'RoutingHTTPServer/RoutingConnection.h' file not found
Test session results and logs:
/Users/anandjois/Library/Developer/Xcode/DerivedData/WebDriverAgent-brdadhpuduowllgivnnvuygpwhzy/Logs/Test/Test-WebDriverAgentRunner-2019.10.31_15-14-22-+1100.xcresult
** TEST EXECUTE FAILED **
Testing started on 'iPhone X'
Build info: version: '3.141.59', revision: 'e82be7d358', time: '2018-11-14T08:17:03'
System info: host: 'Anands-iMac.local', ip: '192.168.1.102', os.name: 'Mac OS X', os.arch: 'x86_64', os.version: '10.14.6', java.version: '1.8.0_144'
Driver info: driver.version: IOSDriver
remote stacktrace: UnknownError: An unknown server-side error occurred while processing the command. Original error: Unable to launch WebDriverAgent because of xcodebuild failure: xcodebuild failed with code 65
xcodebuild error message:

2019-10-31 15:14:23.033 xcodebuild[24856:826589] Error Domain=IDETestApplcationDependencyMapperErrorDomain Code=2 "The bundle identifier for WebDriverAgentRunner-Runner.app couldn’t be read." UserInfo={NSLocalizedFailureReason=The application may be damaged or incomplete: “/Users/anandjois/Library/Developer/Xcode/DerivedData/WebDriverAgent-brdadhpuduowllgivnnvuygpwhzy/Build/Products/Debug-iphonesimulator/WebDriverAgentRunner-Runner.app”., NSURL=file:///Users/anandjois/Library/Developer/Xcode/DerivedData/WebDriverAgent-brdadhpuduowllgivnnvuygpwhzy/Build/Products/Debug-iphonesimulator/WebDriverAgentRunner-Runner.app/, NSFilePath=/Users/anandjois/Library/Developer/Xcode/DerivedData/WebDriverAgent-brdadhpuduowllgivnnvuygpwhzy/Build/Products/Debug-iphonesimulator/WebDriverAgentRunner-Runner.app, NSLocalizedDescription=The bundle identifier for WebDriverAgentRunner-Runner.app couldn’t be read.}
Testing failed:
'RoutingHTTPServer/RoutingConnection.h' file not found
Test session results and logs:
/Users/anandjois/Library/Developer/Xcode/DerivedData/WebDriverAgent-brdadhpuduowllgivnnvuygpwhzy/Logs/Test/Test-WebDriverAgentRunner-2019.10.31_15-14-22-+1100.xcresult
** TEST EXECUTE FAILED **
Testing started on 'iPhone X'
    at getResponseForW3CError (/usr/local/lib/node_modules/appium/node_modules/appium-base-driver/lib/protocol/errors.js:826:9)
    at asyncHandler (/usr/local/lib/node_modules/appium/node_modules/appium-base-driver/lib/protocol/protocol.js:447:37)
    at <anonymous>
Build info: version: '3.141.59', revision: 'e82be7d358', time: '2018-11-14T08:17:03'
System info: host: 'Anands-iMac.local', ip: '192.168.1.102', os.name: 'Mac OS X', os.arch: 'x86_64', os.version: '10.14.6', java.version: '1.8.0_144'
Driver info: driver.version: IOSDriver
at io.appium.java_client.remote.AppiumCommandExecutor$1.createSession(AppiumCommandExecutor.java:208)
at io.appium.java_client.remote.AppiumCommandExecutor.createSession(AppiumCommandExecutor.java:217)
at io.appium.java_client.remote.AppiumCommandExecutor.execute(AppiumCommandExecutor.java:239)
at org.openqa.selenium.remote.RemoteWebDriver.execute(RemoteWebDriver.java:552)
at io.appium.java_client.DefaultGenericMobileDriver.execute(DefaultGenericMobileDriver.java:42)
at io.appium.java_client.AppiumDriver.execute(AppiumDriver.java:1)
at io.appium.java_client.ios.IOSDriver.execute(IOSDriver.java:1)
at org.openqa.selenium.remote.RemoteWebDriver.startSession(RemoteWebDriver.java:213)
at org.openqa.selenium.remote.RemoteWebDriver.<init>(RemoteWebDriver.java:131)
at io.appium.java_client.DefaultGenericMobileDriver.<init>(DefaultGenericMobileDriver.java:38)
at io.appium.java_client.AppiumDriver.<init>(AppiumDriver.java:84)
at io.appium.java_client.AppiumDriver.<init>(AppiumDriver.java:94)
at io.appium.java_client.ios.IOSDriver.<init>(IOSDriver.java:95)
at ioslocalparalleltesting.IOSWebApp.startTest(IOSWebApp.java:33)
at sun.reflect.NativeMethodAccessorImpl.invoke0(Native Method)
at sun.reflect.NativeMethodAccessorImpl.invoke(NativeMethodAccessorImpl.java:62)
at sun.reflect.DelegatingMethodAccessorImpl.invoke(DelegatingMethodAccessorImpl.java:43)
at java.lang.reflect.Method.invoke(Method.java:498)
at org.testng.internal.MethodInvocationHelper.invokeMethod(MethodInvocationHelper.java:124)
at org.testng.internal.MethodInvocationHelper.invokeMethodConsideringTimeout(MethodInvocationHelper.java:59)
at org.testng.internal.Invoker.invokeConfigurationMethod(Invoker.java:458)
at org.testng.internal.Invoker.invokeConfigurations(Invoker.java:222)
at org.testng.internal.Invoker.invokeConfigurations(Invoker.java:142)
at org.testng.internal.TestMethodWorker.invokeBeforeClassMethods(TestMethodWorker.java:168)
at org.testng.internal.TestMethodWorker.run(TestMethodWorker.java:105)
at org.testng.TestRunner.privateRun(TestRunner.java:648)
at org.testng.TestRunner.run(TestRunner.java:505)
at org.testng.SuiteRunner.runTest(SuiteRunner.java:455)
at org.testng.SuiteRunner.access$000(SuiteRunner.java:40)
at org.testng.SuiteRunner$SuiteWorker.run(SuiteRunner.java:489)
at org.testng.internal.thread.ThreadUtil$1.call(ThreadUtil.java:52)
at java.util.concurrent.FutureTask.run(FutureTask.java:266)
at java.util.concurrent.ThreadPoolExecutor.runWorker(ThreadPoolExecutor.java:1149)
at java.util.concurrent.ThreadPoolExecutor$Worker.run(ThreadPoolExecutor.java:624)
at java.lang.Thread.run(Thread.java:748)
Caused by: java.lang.reflect.InvocationTargetException
at sun.reflect.NativeMethodAccessorImpl.invoke0(Native Method)
at sun.reflect.NativeMethodAccessorImpl.invoke(NativeMethodAccessorImpl.java:62)
at sun.reflect.DelegatingMethodAccessorImpl.invoke(DelegatingMethodAccessorImpl.java:43)
at java.lang.reflect.Method.invoke(Method.java:498)
at io.appium.java_client.remote.AppiumCommandExecutor$1.createSession(AppiumCommandExecutor.java:186)
... 34 more
Caused by: org.openqa.selenium.WebDriverException: An unknown server-side error occurred while processing the command. Original error: Unable to launch WebDriverAgent because of xcodebuild failure: xcodebuild failed with code 65
xcodebuild error message:

2019-10-31 15:14:23.033 xcodebuild[24856:826589] Error Domain=IDETestApplcationDependencyMapperErrorDomain Code=2 "The bundle identifier for WebDriverAgentRunner-Runner.app couldn’t be read." UserInfo={NSLocalizedFailureReason=The application may be damaged or incomplete: “/Users/anandjois/Library/Developer/Xcode/DerivedData/WebDriverAgent-brdadhpuduowllgivnnvuygpwhzy/Build/Products/Debug-iphonesimulator/WebDriverAgentRunner-Runner.app”., NSURL=file:///Users/anandjois/Library/Developer/Xcode/DerivedData/WebDriverAgent-brdadhpuduowllgivnnvuygpwhzy/Build/Products/Debug-iphonesimulator/WebDriverAgentRunner-Runner.app/, NSFilePath=/Users/anandjois/Library/Developer/Xcode/DerivedData/WebDriverAgent-brdadhpuduowllgivnnvuygpwhzy/Build/Products/Debug-iphonesimulator/WebDriverAgentRunner-Runner.app, NSLocalizedDescription=The bundle identifier for WebDriverAgentRunner-Runner.app couldn’t be read.}
Testing failed:
'RoutingHTTPServer/RoutingConnection.h' file not found
Test session results and logs:
/Users/anandjois/Library/Developer/Xcode/DerivedData/WebDriverAgent-brdadhpuduowllgivnnvuygpwhzy/Logs/Test/Test-WebDriverAgentRunner-2019.10.31_15-14-22-+1100.xcresult
** TEST EXECUTE FAILED **
Testing started on 'iPhone X'
Build info: version: '3.141.59', revision: 'e82be7d358', time: '2018-11-14T08:17:03'
System info: host: 'Anands-iMac.local', ip: '192.168.1.102', os.name: 'Mac OS X', os.arch: 'x86_64', os.version: '10.14.6', java.version: '1.8.0_144'
Driver info: driver.version: IOSDriver
remote stacktrace: UnknownError: An unknown server-side error occurred while processing the command. Original error: Unable to launch WebDriverAgent because of xcodebuild failure: xcodebuild failed with code 65
xcodebuild error message:

2019-10-31 15:14:23.033 xcodebuild[24856:826589] Error Domain=IDETestApplcationDependencyMapperErrorDomain Code=2 "The bundle identifier for WebDriverAgentRunner-Runner.app couldn’t be read." UserInfo={NSLocalizedFailureReason=The application may be damaged or incomplete: “/Users/anandjois/Library/Developer/Xcode/DerivedData/WebDriverAgent-brdadhpuduowllgivnnvuygpwhzy/Build/Products/Debug-iphonesimulator/WebDriverAgentRunner-Runner.app”., NSURL=file:///Users/anandjois/Library/Developer/Xcode/DerivedData/WebDriverAgent-brdadhpuduowllgivnnvuygpwhzy/Build/Products/Debug-iphonesimulator/WebDriverAgentRunner-Runner.app/, NSFilePath=/Users/anandjois/Library/Developer/Xcode/DerivedData/WebDriverAgent-brdadhpuduowllgivnnvuygpwhzy/Build/Products/Debug-iphonesimulator/WebDriverAgentRunner-Runner.app, NSLocalizedDescription=The bundle identifier for WebDriverAgentRunner-Runner.app couldn’t be read.}
Testing failed:
'RoutingHTTPServer/RoutingConnection.h' file not found
Test session results and logs:
/Users/anandjois/Library/Developer/Xcode/DerivedData/WebDriverAgent-brdadhpuduowllgivnnvuygpwhzy/Logs/Test/Test-WebDriverAgentRunner-2019.10.31_15-14-22-+1100.xcresult
** TEST EXECUTE FAILED **
Testing started on 'iPhone X'
    at getResponseForW3CError (/usr/local/lib/node_modules/appium/node_modules/appium-base-driver/lib/protocol/errors.js:826:9)
    at asyncHandler (/usr/local/lib/node_modules/appium/node_modules/appium-base-driver/lib/protocol/protocol.js:447:37)
    at <anonymous>
at sun.reflect.NativeConstructorAccessorImpl.newInstance0(Native Method)
at sun.reflect.NativeConstructorAccessorImpl.newInstance(NativeConstructorAccessorImpl.java:62)
at sun.reflect.DelegatingConstructorAccessorImpl.newInstance(DelegatingConstructorAccessorImpl.java:45)
at java.lang.reflect.Constructor.newInstance(Constructor.java:423)
at org.openqa.selenium.remote.W3CHandshakeResponse.lambda$errorHandler$0(W3CHandshakeResponse.java:62)
at org.openqa.selenium.remote.HandshakeResponse.lambda$getResponseFunction$0(HandshakeResponse.java:30)
at org.openqa.selenium.remote.ProtocolHandshake.lambda$createSession$0(ProtocolHandshake.java:123)
at java.util.stream.ReferencePipeline$3$1.accept(ReferencePipeline.java:193)
at java.util.Spliterators$ArraySpliterator.tryAdvance(Spliterators.java:958)
at java.util.stream.ReferencePipeline.forEachWithCancel(ReferencePipeline.java:126)
at java.util.stream.AbstractPipeline.copyIntoWithCancel(AbstractPipeline.java:498)
at java.util.stream.AbstractPipeline.copyInto(AbstractPipeline.java:485)
at java.util.stream.AbstractPipeline.wrapAndCopyInto(AbstractPipeline.java:471)
at java.util.stream.FindOps$FindOp.evaluateSequential(FindOps.java:152)
at java.util.stream.AbstractPipeline.evaluate(AbstractPipeline.java:234)
at java.util.stream.ReferencePipeline.findFirst(ReferencePipeline.java:464)
at org.openqa.selenium.remote.ProtocolHandshake.createSession(ProtocolHandshake.java:125)
... 39 more
]]>
    </error>
  </testcase> <!-- startTest -->
  <testcase name="testiOSApp" time="0.002" classname="ioslocalparalleltesting.IOSWebApp"/>
  <testcase name="testiOSApp" time="0.000" classname="ioslocalparalleltesting.IOSWebApp">
    <skipped/>
  </testcase> <!-- testiOSApp -->
</testsuite> <!-- ioslocalparalleltesting.IOSWebApp -->
